<?xml version="1.0" encoding="UTF-8"?>
<!-- Generated by org.testng.reporters.JUnitReportReporter -->
<testsuite name="testclasses.GuruRS" tests="5" time="32.133" ignored="0" failures="0" timestamp="16 May 2017 12:13:38 GMT" skipped="0" hostname="Rajat" errors="0">
  <testcase name="loginSite" time="2.625" classname="testclasses.GuruRS"/>
  <testcase name="pickResult" time="3.619" classname="testclasses.GuruRS"/>
  <testcase name="verifyHomepage" time="0.073" classname="testclasses.GuruRS"/>
  <testcase name="giveExam" time="11.944" classname="testclasses.GuruRS"/>
  <testcase name="navigate" time="13.872" classname="testclasses.GuruRS"/>
</testsuite> <!-- testclasses.GuruRS -->
