<?xml version="1.0" encoding="UTF-8"?>
<!-- Generated by org.testng.reporters.JUnitReportReporter -->
<testsuite name="testclasses.IFrame" tests="3" time="49.923" ignored="0" failures="0" timestamp="23 May 2017 08:33:04 GMT" skipped="0" hostname="Rajat" errors="0">
  <testcase name="searchDomesticFlight" time="40.482" classname="testclasses.IFrame"/>
  <testcase name="airPackageClick" time="3.203" classname="testclasses.IFrame"/>
  <testcase name="tapFlightsAndBook" time="6.238" classname="testclasses.IFrame"/>
</testsuite> <!-- testclasses.IFrame -->
