<?xml version="1.0" encoding="UTF-8"?>
<!-- Generated by org.testng.reporters.JUnitReportReporter -->
<testsuite name="testclasses.GTest" tests="9" time="70.866" ignored="0" failures="0" timestamp="18 May 2017 09:48:26 GMT" skipped="0" hostname="Rajat" errors="0">
  <testcase name="registration" time="6.421" classname="testclasses.GTest"/>
  <testcase name="loginWithCredential" time="13.027" classname="testclasses.GTest"/>
  <testcase name="verifyManagerId" time="3.161" classname="testclasses.GTest"/>
  <testcase name="editCustomer" time="12.441" classname="testclasses.GTest"/>
  <testcase name="addNewAc" time="6.983" classname="testclasses.GTest"/>
  <testcase name="addNewCustomer" time="12.515" classname="testclasses.GTest"/>
  <testcase name="verifyHomePage" time="2.172" classname="testclasses.GTest"/>
  <testcase name="customerAddedSuccessfully" time="4.355" classname="testclasses.GTest"/>
  <testcase name="deleteCustomer" time="9.791" classname="testclasses.GTest"/>
</testsuite> <!-- testclasses.GTest -->
