<?xml version="1.0" encoding="UTF-8"?>
<!-- Generated by org.testng.reporters.JUnitReportReporter -->
<testsuite name="testclasses.MouseActions" tests="3" time="82.987" ignored="0" failures="0" timestamp="20 May 2017 09:27:19 GMT" skipped="0" hostname="Rajat" errors="0">
  <testcase name="giveExam" time="7.153" classname="testclasses.MouseActions"/>
  <testcase name="frameClick" time="71.793" classname="testclasses.MouseActions"/>
  <testcase name="loginSite" time="4.041" classname="testclasses.MouseActions"/>
</testsuite> <!-- testclasses.MouseActions -->
